<?xml version="1.0" encoding="UTF-8"?>
<!-- Generated by org.testng.reporters.JUnitXMLReporter -->
<testsuite ignored="2" hostname="REMIDW-TEOUQMID" failures="0" tests="8" name="Test" time="18.43" errors="0" timestamp="2023-05-11T11:59:23 IST">
  <testcase classname="testclasses.SearchTest" name="searchProduct" time="1.107"/>
  <testcase classname="testclasses.SearchTest" name="verifyTitle" time="0.099"/>
  <testcase classname="testclasses.SpiritsTest" name="selectProduct" time="2.965"/>
  <testcase classname="testclasses.SpiritsTest" name="sortByHighPrice" time="4.244"/>
  <testcase classname="testclasses.SpiritsTest" name="sortByAlphabet" time="3.584"/>
  <testcase classname="testclasses.AddToCartTest" name="selectItem" time="1.384"/>
  <testcase classname="testclasses.AddToCartTest" name="verifyAddToCart" time="1.052"/>
  <testcase classname="testclasses.AddToCartTest" name="searchOnCartPage" time="2.104"/>
  <testcase classname="testclasses.BaseTest" name="@BeforeSuite initBrowser" time="0.0">
    <ignored/>
  </testcase> <!-- @BeforeSuite initBrowser -->
  <testcase classname="testclasses.BaseTest" name="@BeforeSuite initBrowser" time="0.0">
    <ignored/>
  </testcase> <!-- @BeforeSuite initBrowser -->
</testsuite> <!-- Test -->
