<?xml version="1.0" encoding="UTF-8"?>
<testng-results ignored="2" total="10" passed="8" failed="0" skipped="0">
  <reporter-output>
  </reporter-output>
  <suite started-at="2023-05-11T11:59:04 IST" name="Suite" finished-at="2023-05-11T11:59:23 IST" duration-ms="18430">
    <groups>
    </groups>
    <test started-at="2023-05-11T11:59:04 IST" name="Test" finished-at="2023-05-11T11:59:23 IST" duration-ms="18430">
      <class name="testclasses.SearchTest">
        <test-method is-config="true" signature="initBrowser()[pri:0, instance:testclasses.SearchTest@1e6454ec]" started-at="2023-05-11T11:58:30 IST" name="initBrowser" finished-at="2023-05-11T11:59:04 IST" duration-ms="34366" status="PASS">
          <reporter-output>
          </reporter-output>
        </test-method> <!-- initBrowser -->
        <test-method is-config="true" signature="createObject()[pri:0, instance:testclasses.SearchTest@1e6454ec]" started-at="2023-05-11T11:59:04 IST" name="createObject" finished-at="2023-05-11T11:59:06 IST" duration-ms="1293" status="PASS">
          <reporter-output>
          </reporter-output>
        </test-method> <!-- createObject -->
        <test-method signature="searchProduct()[pri:1, instance:testclasses.SearchTest@1e6454ec]" started-at="2023-05-11T11:59:06 IST" name="searchProduct" finished-at="2023-05-11T11:59:07 IST" duration-ms="1107" status="PASS">
          <reporter-output>
          </reporter-output>
        </test-method> <!-- searchProduct -->
        <test-method signature="verifyTitle()[pri:2, instance:testclasses.SearchTest@1e6454ec]" started-at="2023-05-11T11:59:07 IST" name="verifyTitle" finished-at="2023-05-11T11:59:07 IST" duration-ms="99" status="PASS">
          <reporter-output>
          </reporter-output>
        </test-method> <!-- verifyTitle -->
      </class> <!-- testclasses.SearchTest -->
      <class name="testclasses.SpiritsTest">
        <test-method is-config="true" signature="createObject()[pri:0, instance:testclasses.SpiritsTest@693fe6c9]" started-at="2023-05-11T11:59:07 IST" name="createObject" finished-at="2023-05-11T11:59:07 IST" duration-ms="2" status="PASS">
          <reporter-output>
          </reporter-output>
        </test-method> <!-- createObject -->
        <test-method signature="selectProduct()[pri:4, instance:testclasses.SpiritsTest@693fe6c9]" started-at="2023-05-11T11:59:07 IST" name="selectProduct" finished-at="2023-05-11T11:59:10 IST" duration-ms="2965" status="PASS">
          <reporter-output>
          </reporter-output>
        </test-method> <!-- selectProduct -->
        <test-method signature="sortByHighPrice()[pri:5, instance:testclasses.SpiritsTest@693fe6c9]" started-at="2023-05-11T11:59:10 IST" name="sortByHighPrice" finished-at="2023-05-11T11:59:15 IST" duration-ms="4244" status="PASS">
          <reporter-output>
          </reporter-output>
        </test-method> <!-- sortByHighPrice -->
        <test-method signature="sortByAlphabet()[pri:6, instance:testclasses.SpiritsTest@693fe6c9]" started-at="2023-05-11T11:59:15 IST" name="sortByAlphabet" finished-at="2023-05-11T11:59:18 IST" duration-ms="3584" status="PASS">
          <reporter-output>
          </reporter-output>
        </test-method> <!-- sortByAlphabet -->
      </class> <!-- testclasses.SpiritsTest -->
      <class name="testclasses.AddToCartTest">
        <test-method is-config="true" signature="createObject()[pri:0, instance:testclasses.AddToCartTest@34f5090e]" started-at="2023-05-11T11:59:18 IST" name="createObject" finished-at="2023-05-11T11:59:18 IST" duration-ms="3" status="PASS">
          <reporter-output>
          </reporter-output>
        </test-method> <!-- createObject -->
        <test-method signature="selectItem()[pri:7, instance:testclasses.AddToCartTest@34f5090e]" started-at="2023-05-11T11:59:18 IST" name="selectItem" finished-at="2023-05-11T11:59:20 IST" duration-ms="1384" status="PASS">
          <reporter-output>
          </reporter-output>
        </test-method> <!-- selectItem -->
        <test-method signature="verifyAddToCart()[pri:8, instance:testclasses.AddToCartTest@34f5090e]" started-at="2023-05-11T11:59:20 IST" name="verifyAddToCart" finished-at="2023-05-11T11:59:21 IST" duration-ms="1052" status="PASS">
          <reporter-output>
          </reporter-output>
        </test-method> <!-- verifyAddToCart -->
        <test-method signature="searchOnCartPage()[pri:9, instance:testclasses.AddToCartTest@34f5090e]" started-at="2023-05-11T11:59:21 IST" name="searchOnCartPage" finished-at="2023-05-11T11:59:23 IST" duration-ms="2104" status="PASS">
          <reporter-output>
          </reporter-output>
        </test-method> <!-- searchOnCartPage -->
      </class> <!-- testclasses.AddToCartTest -->
    </test> <!-- Test -->
  </suite> <!-- Suite -->
</testng-results>
